<?xml version="1.0" encoding="UTF-8"?>
<testng-results ignored="0" total="9" passed="9" failed="0" skipped="0">
  <reporter-output>
  </reporter-output>
  <suite started-at="2021-06-07T14:49:18Z" name="Suite" finished-at="2021-06-07T14:49:20Z" duration-ms="1352">
    <groups>
      <group name="cucumber">
        <method signature="AbstractTestNGCucumberTests.runScenario(io.cucumber.testng.PickleWrapper, io.cucumber.testng.FeatureWrapper)[pri:0, instance:salesforce.runner.TestNgSuiteRunner@5d0bf09b]" name="runScenario" class="io.cucumber.testng.AbstractTestNGCucumberTests"/>
      </group> <!-- cucumber -->
    </groups>
    <test started-at="2021-06-07T14:49:18Z" name="Test" finished-at="2021-06-07T14:49:20Z" duration-ms="1352">
      <class name="salesforce.runner.TestNgSuiteRunner">
        <test-method is-config="true" signature="setUpClass()[pri:0, instance:salesforce.runner.TestNgSuiteRunner@5d0bf09b]" started-at="2021-06-07T07:49:18Z" name="setUpClass" finished-at="2021-06-07T07:49:19Z" duration-ms="541" status="PASS">
          <reporter-output>
          </reporter-output>
        </test-method> <!-- setUpClass -->
        <test-method signature="runScenario(io.cucumber.testng.PickleWrapper, io.cucumber.testng.FeatureWrapper)[pri:0, instance:salesforce.runner.TestNgSuiteRunner@5d0bf09b]" started-at="2021-06-07T07:49:19Z" name="runScenario" description="Runs Cucumber Scenarios" data-provider="scenarios" finished-at="2021-06-07T07:49:19Z" duration-ms="193" status="PASS">
          <params>
            <param index="0">
              <value>
                <![CDATA["validating accounts tab"]]>
              </value>
            </param>
            <param index="1">
              <value>
                <![CDATA["Optional[Account page validation]"]]>
              </value>
            </param>
          </params>
          <reporter-output>
          </reporter-output>
        </test-method> <!-- runScenario -->
        <test-method signature="runScenario(io.cucumber.testng.PickleWrapper, io.cucumber.testng.FeatureWrapper)[pri:0, instance:salesforce.runner.TestNgSuiteRunner@5d0bf09b]" started-at="2021-06-07T07:49:19Z" name="runScenario" description="Runs Cucumber Scenarios" data-provider="scenarios" finished-at="2021-06-07T07:49:19Z" duration-ms="45" status="PASS">
          <params>
            <param index="0">
              <value>
                <![CDATA["validating account page with account details"]]>
              </value>
            </param>
            <param index="1">
              <value>
                <![CDATA["Optional[Account page validation]"]]>
              </value>
            </param>
          </params>
          <reporter-output>
          </reporter-output>
        </test-method> <!-- runScenario -->
        <test-method signature="runScenario(io.cucumber.testng.PickleWrapper, io.cucumber.testng.FeatureWrapper)[pri:0, instance:salesforce.runner.TestNgSuiteRunner@5d0bf09b]" started-at="2021-06-07T07:49:19Z" name="runScenario" description="Runs Cucumber Scenarios" data-provider="scenarios" finished-at="2021-06-07T07:49:19Z" duration-ms="47" status="PASS">
          <params>
            <param index="0">
              <value>
                <![CDATA["user menu dropdown"]]>
              </value>
            </param>
            <param index="1">
              <value>
                <![CDATA["Optional[Home page validation]"]]>
              </value>
            </param>
          </params>
          <reporter-output>
          </reporter-output>
        </test-method> <!-- runScenario -->
        <test-method signature="runScenario(io.cucumber.testng.PickleWrapper, io.cucumber.testng.FeatureWrapper)[pri:0, instance:salesforce.runner.TestNgSuiteRunner@5d0bf09b]" started-at="2021-06-07T07:49:19Z" name="runScenario" description="Runs Cucumber Scenarios" data-provider="scenarios" finished-at="2021-06-07T07:49:19Z" duration-ms="58" status="PASS">
          <params>
            <param index="0">
              <value>
                <![CDATA["validate my profile option"]]>
              </value>
            </param>
            <param index="1">
              <value>
                <![CDATA["Optional[Home page validation]"]]>
              </value>
            </param>
          </params>
          <reporter-output>
          </reporter-output>
        </test-method> <!-- runScenario -->
        <test-method signature="runScenario(io.cucumber.testng.PickleWrapper, io.cucumber.testng.FeatureWrapper)[pri:0, instance:salesforce.runner.TestNgSuiteRunner@5d0bf09b]" started-at="2021-06-07T07:49:19Z" name="runScenario" description="Runs Cucumber Scenarios" data-provider="scenarios" finished-at="2021-06-07T07:49:19Z" duration-ms="51" status="PASS">
          <params>
            <param index="0">
              <value>
                <![CDATA["Validate login with error message"]]>
              </value>
            </param>
            <param index="1">
              <value>
                <![CDATA["Optional[Login functionality]"]]>
              </value>
            </param>
          </params>
          <reporter-output>
          </reporter-output>
        </test-method> <!-- runScenario -->
        <test-method signature="runScenario(io.cucumber.testng.PickleWrapper, io.cucumber.testng.FeatureWrapper)[pri:0, instance:salesforce.runner.TestNgSuiteRunner@5d0bf09b]" started-at="2021-06-07T07:49:19Z" name="runScenario" description="Runs Cucumber Scenarios" data-provider="scenarios" finished-at="2021-06-07T07:49:19Z" duration-ms="41" status="PASS">
          <params>
            <param index="0">
              <value>
                <![CDATA["Validate login with error message"]]>
              </value>
            </param>
            <param index="1">
              <value>
                <![CDATA["Optional[Login functionality]"]]>
              </value>
            </param>
          </params>
          <reporter-output>
          </reporter-output>
        </test-method> <!-- runScenario -->
        <test-method signature="runScenario(io.cucumber.testng.PickleWrapper, io.cucumber.testng.FeatureWrapper)[pri:0, instance:salesforce.runner.TestNgSuiteRunner@5d0bf09b]" started-at="2021-06-07T07:49:19Z" name="runScenario" description="Runs Cucumber Scenarios" data-provider="scenarios" finished-at="2021-06-07T07:49:19Z" duration-ms="60" status="PASS">
          <params>
            <param index="0">
              <value>
                <![CDATA["Validate login with error message"]]>
              </value>
            </param>
            <param index="1">
              <value>
                <![CDATA["Optional[Login functionality]"]]>
              </value>
            </param>
          </params>
          <reporter-output>
          </reporter-output>
        </test-method> <!-- runScenario -->
        <test-method signature="runScenario(io.cucumber.testng.PickleWrapper, io.cucumber.testng.FeatureWrapper)[pri:0, instance:salesforce.runner.TestNgSuiteRunner@5d0bf09b]" started-at="2021-06-07T07:49:19Z" name="runScenario" description="Runs Cucumber Scenarios" data-provider="scenarios" finished-at="2021-06-07T07:49:19Z" duration-ms="38" status="PASS">
          <params>
            <param index="0">
              <value>
                <![CDATA["Validate login with wrong username"]]>
              </value>
            </param>
            <param index="1">
              <value>
                <![CDATA["Optional[Login functionality]"]]>
              </value>
            </param>
          </params>
          <reporter-output>
          </reporter-output>
        </test-method> <!-- runScenario -->
        <test-method signature="runScenario(io.cucumber.testng.PickleWrapper, io.cucumber.testng.FeatureWrapper)[pri:0, instance:salesforce.runner.TestNgSuiteRunner@5d0bf09b]" started-at="2021-06-07T07:49:19Z" name="runScenario" description="Runs Cucumber Scenarios" data-provider="scenarios" finished-at="2021-06-07T07:49:19Z" duration-ms="36" status="PASS">
          <params>
            <param index="0">
              <value>
                <![CDATA["Validate login with valid credentials"]]>
              </value>
            </param>
            <param index="1">
              <value>
                <![CDATA["Optional[Login functionality]"]]>
              </value>
            </param>
          </params>
          <reporter-output>
          </reporter-output>
        </test-method> <!-- runScenario -->
        <test-method is-config="true" signature="tearDownClass()[pri:0, instance:salesforce.runner.TestNgSuiteRunner@5d0bf09b]" started-at="2021-06-07T07:49:19Z" name="tearDownClass" finished-at="2021-06-07T07:49:20Z" duration-ms="174" status="PASS">
          <reporter-output>
          </reporter-output>
        </test-method> <!-- tearDownClass -->
      </class> <!-- salesforce.runner.TestNgSuiteRunner -->
    </test> <!-- Test -->
  </suite> <!-- Suite -->
</testng-results>
